<?xml version="1.0" encoding="UTF-8"?>
<!-- Generated by org.testng.reporters.JUnitReportReporter -->
<testsuite hostname="LAPTOP-0ADUSHPK" failures="0" tests="1" name="Testing.NCPL.FontSize" time="4.980" errors="0" timestamp="2020-09-12T06:42:58 EDT" skipped="0">
  <testcase classname="Testing.NCPL.FontSize" name="fontSizeOfTitles" time="4.980"/>
  <system-out/>
</testsuite> <!-- Testing.NCPL.FontSize -->
